<?xml version="1.0" encoding="UTF-8"?>
<testng-results skipped="0" failed="0" ignored="0" total="2" passed="2">
  <reporter-output>
  </reporter-output>
  <suite name="Default suite" duration-ms="76556" started-at="2018-04-07T11:57:32Z" finished-at="2018-04-07T11:58:49Z">
    <groups>
    </groups>
    <test name="Default test" duration-ms="76556" started-at="2018-04-07T11:57:32Z" finished-at="2018-04-07T11:58:49Z">
      <class name="tests.CheckOutXLSDDT">
        <test-method status="PASS" signature="setUp()[pri:0, instance:tests.CheckOutXLSDDT@1877ab81]" name="setUp" is-config="true" duration-ms="26977" started-at="2018-04-07T17:27:33Z" finished-at="2018-04-07T17:28:00Z">
          <reporter-output>
          </reporter-output>
        </test-method> <!-- setUp -->
        <test-method status="PASS" signature="checkOut(java.lang.String, java.lang.String, java.lang.String, java.lang.String, java.lang.String, java.lang.String, java.lang.String)[pri:0, instance:tests.CheckOutXLSDDT@1877ab81]" name="checkOut" duration-ms="13724" started-at="2018-04-07T17:28:00Z" data-provider="getData" finished-at="2018-04-07T17:28:14Z">
          <params>
            <param index="0">
              <value>
                <![CDATA[Kalpanadontha@yahoo.com]]>
              </value>
            </param>
            <param index="1">
              <value>
                <![CDATA[Kalpana Dontha]]>
              </value>
            </param>
            <param index="2">
              <value>
                <![CDATA[6225 Branchwood Trl Flower Mound TX 75028]]>
              </value>
            </param>
            <param index="3">
              <value>
                <![CDATA[Visa]]>
              </value>
            </param>
            <param index="4">
              <value>
                <![CDATA[787878.0]]>
              </value>
            </param>
            <param index="5">
              <value>
                <![CDATA[Kalpana Dontha]]>
              </value>
            </param>
            <param index="6">
              <value>
                <![CDATA[789.0]]>
              </value>
            </param>
          </params>
          <reporter-output>
          </reporter-output>
        </test-method> <!-- checkOut -->
        <test-method status="PASS" signature="tearDown()[pri:0, instance:tests.CheckOutXLSDDT@1877ab81]" name="tearDown" is-config="true" duration-ms="332" started-at="2018-04-07T17:28:14Z" finished-at="2018-04-07T17:28:14Z">
          <reporter-output>
          </reporter-output>
        </test-method> <!-- tearDown -->
        <test-method status="PASS" signature="setUp()[pri:0, instance:tests.CheckOutXLSDDT@1877ab81]" name="setUp" is-config="true" duration-ms="19765" started-at="2018-04-07T17:28:14Z" finished-at="2018-04-07T17:28:34Z">
          <reporter-output>
          </reporter-output>
        </test-method> <!-- setUp -->
        <test-method status="PASS" signature="checkOut(java.lang.String, java.lang.String, java.lang.String, java.lang.String, java.lang.String, java.lang.String, java.lang.String)[pri:0, instance:tests.CheckOutXLSDDT@1877ab81]" name="checkOut" duration-ms="14485" started-at="2018-04-07T17:28:34Z" data-provider="getData" finished-at="2018-04-07T17:28:48Z">
          <params>
            <param index="0">
              <value>
                <![CDATA[KalpanaGoka@yahoo.com]]>
              </value>
            </param>
            <param index="1">
              <value>
                <![CDATA[Kalpana Goka]]>
              </value>
            </param>
            <param index="2">
              <value>
                <![CDATA[1541 Long Prairie Rd Flower Mound TX 75022]]>
              </value>
            </param>
            <param index="3">
              <value>
                <![CDATA[Mastercard]]>
              </value>
            </param>
            <param index="4">
              <value>
                <![CDATA[909090.0]]>
              </value>
            </param>
            <param index="5">
              <value>
                <![CDATA[Kalpana Goka]]>
              </value>
            </param>
            <param index="6">
              <value>
                <![CDATA[130.0]]>
              </value>
            </param>
          </params>
          <reporter-output>
          </reporter-output>
        </test-method> <!-- checkOut -->
        <test-method status="PASS" signature="tearDown()[pri:0, instance:tests.CheckOutXLSDDT@1877ab81]" name="tearDown" is-config="true" duration-ms="379" started-at="2018-04-07T17:28:48Z" finished-at="2018-04-07T17:28:49Z">
          <reporter-output>
          </reporter-output>
        </test-method> <!-- tearDown -->
      </class> <!-- tests.CheckOutXLSDDT -->
    </test> <!-- Default test -->
  </suite> <!-- Default suite -->
</testng-results>
