<?xml version="1.0" encoding="UTF-8"?>
<!-- Generated by org.testng.reporters.JUnitXMLReporter -->
<testsuite hostname="PTP-LT-66C6T02" ignored="0" name="PassionTea Testcases" tests="7" failures="0" timestamp="01 May 2018 09:54:39 GMT" time="123.25" errors="0">
  <testcase name="welcomePageTitleTest" time="0.021" classname="com.PassionTea.testcases.WelcomePageTest"/>
  <testcase name="checkoutPageTitleTest" time="0.016" classname="com.PassionTea.testcases.CheckOutPageTest"/>
  <testcase name="verifyMenuPageTitle" time="0.012" classname="com.PassionTea.testcases.MenuPageTest"/>
  <testcase name="herbalTeaImgTest" time="0.066" classname="com.PassionTea.testcases.WelcomePageTest"/>
  <testcase name="validateCreateNewCheckOut" time="1.773" classname="com.PassionTea.testcases.CheckOutPageTest"/>
  <testcase name="validateCreateNewCheckOut" time="1.784" classname="com.PassionTea.testcases.CheckOutPageTest"/>
  <testcase name="verifyCheckout1Link" time="0.058" classname="com.PassionTea.testcases.MenuPageTest"/>
</testsuite> <!-- PassionTea Testcases -->
