<?xml version="1.0" encoding="UTF-8"?>
<!-- Generated by org.testng.reporters.JUnitXMLReporter -->
<testsuite hostname="PTP-LT-66C6T02" ignored="0" name="Passion Tea Test cases" tests="7" failures="0" timestamp="01 May 2018 12:36:26 GMT" time="156.324" errors="0">
  <testcase name="welcomePageTitleTest" time="0.043" classname="com.PassionTea.testcases.WelcomePageTest"/>
  <testcase name="checkoutPageTitleTest" time="0.01" classname="com.PassionTea.testcases.CheckOutPageTest"/>
  <testcase name="verifyMenuPageTitle" time="0.018" classname="com.PassionTea.testcases.MenuPageTest"/>
  <testcase name="herbalTeaImgTest" time="0.062" classname="com.PassionTea.testcases.WelcomePageTest"/>
  <testcase name="validateCreateNewCheckOut" time="6.486" classname="com.PassionTea.testcases.CheckOutPageTest"/>
  <testcase name="validateCreateNewCheckOut" time="6.559" classname="com.PassionTea.testcases.CheckOutPageTest"/>
  <testcase name="verifyCheckout1Link" time="0.045" classname="com.PassionTea.testcases.MenuPageTest"/>
</testsuite> <!-- Passion Tea Test cases -->
