<?xml version="1.0" encoding="UTF-8"?>
<testng-results skipped="0" failed="0" ignored="0" total="0" passed="0">
  <reporter-output>
  </reporter-output>
  <suite name="com.Vendorly.API.APITests.AppTest" duration-ms="10" started-at="2018-04-18T18:00:45Z" finished-at="2018-04-18T18:00:45Z">
    <groups>
    </groups>
    <test name="Command line test" duration-ms="10" started-at="2018-04-18T18:00:45Z" finished-at="2018-04-18T18:00:45Z">
    </test> <!-- Command line test -->
  </suite> <!-- com.Vendorly.API.APITests.AppTest -->
</testng-results>
