<?xml version="1.0" encoding="UTF-8"?>
<!-- Generated by org.testng.reporters.JUnitXMLReporter -->
<testsuite hostname="PTP-LT-66C6T02" ignored="0" name="Default test" tests="3" failures="0" timestamp="18 Apr 2018 05:14:46 GMT" time="6.085" errors="0">
  <testcase name="GetInclusiveVendorTypes" time="2.206" classname="com.Vendorly.API.APITests.GetVendorEmpdetails"/>
  <testcase name="getActiveEmp" time="1.464" classname="com.Vendorly.API.APITests.GetVendorEmpdetails"/>
  <testcase name="getEmpIDForAVendor" time="0.75" classname="com.Vendorly.API.APITests.GetVendorEmpdetails"/>
</testsuite> <!-- Default test -->
