<?xml version="1.0" encoding="UTF-8"?>
<!-- Generated by org.testng.reporters.JUnitXMLReporter -->
<testsuite hostname="PTP-LT-66C6T02" ignored="0" name="Passion Tea Test cases" tests="7" failures="0" timestamp="03 May 2018 16:43:40 GMT" time="136.396" errors="0">
  <testcase name="welcomePageTitleTest" time="0.047" classname="com.PassionTea.testcases.WelcomePageTest"/>
  <testcase name="checkoutPageTitleTest" time="0.013" classname="com.PassionTea.testcases.CheckOutPageTest"/>
  <testcase name="verifyMenuPageTitle" time="0.016" classname="com.PassionTea.testcases.MenuPageTest"/>
  <testcase name="herbalTeaImgTest" time="0.088" classname="com.PassionTea.testcases.WelcomePageTest"/>
  <testcase name="validateCreateNewCheckOut" time="1.805" classname="com.PassionTea.testcases.CheckOutPageTest"/>
  <testcase name="validateCreateNewCheckOut" time="7.027" classname="com.PassionTea.testcases.CheckOutPageTest"/>
  <testcase name="verifyCheckout1Link" time="0.083" classname="com.PassionTea.testcases.MenuPageTest"/>
</testsuite> <!-- Passion Tea Test cases -->
