<?xml version="1.0" encoding="UTF-8"?>
<!-- Generated by org.testng.reporters.JUnitXMLReporter -->
<testsuite hostname="PTP-LT-66C6T02" ignored="0" name="WalmartRestAPI" tests="9" failures="0" timestamp="18 Apr 2018 17:59:51 GMT" time="16.801" errors="0">
  <testcase name="allNamesInItems" time="4.069" classname="walmartAPI.SearchJSONPathExamples"/>
  <testcase name="allValuesInAParticularNode" time="1.574" classname="walmartAPI.SearchJSONPathExamples"/>
  <testcase name="getItemGiftOptions" time="2.084" classname="walmartAPI.SearchJSONPathExamples"/>
  <testcase name="getItemName" time="1.42" classname="walmartAPI.SearchJSONPathExamples"/>
  <testcase name="getNoOfItems" time="1.601" classname="walmartAPI.SearchJSONPathExamples"/>
  <testcase name="getResponseTime" time="1.127" classname="walmartAPI.SearchJSONPathExamples"/>
  <testcase name="getSalePriceOfItem" time="1.413" classname="walmartAPI.SearchJSONPathExamples"/>
  <testcase name="itemSize" time="1.462" classname="walmartAPI.SearchJSONPathExamples"/>
  <testcase name="validateNoOfItems" time="1.444" classname="walmartAPI.SearchJSONPathExamples"/>
</testsuite> <!-- WalmartRestAPI -->
