<?xml version="1.0" encoding="UTF-8"?>
<!-- Generated by org.testng.reporters.JUnitXMLReporter -->
<testsuite hostname="PTP-LT-66C6T02" ignored="0" name="VendorlyRestAPI" tests="5" failures="0" timestamp="08 Apr 2018 12:37:59 GMT" time="10.553" errors="0">
  <testcase name="GetInclusiveVendorTypes" time="2.146" classname="com.Vendorly.API.APITests.GetVendorEmpdetails"/>
  <testcase name="getActiveEmp" time="0.803" classname="com.Vendorly.API.APITests.GetVendorEmpdetails"/>
  <testcase name="getEmpIDForAVendor" time="2.266" classname="com.Vendorly.API.APITests.GetVendorEmpdetails"/>
  <testcase name="validateEmpNoAndIAMIDIsSame" time="2.282" classname="com.Vendorly.API.APITests.GetVendorEmpdetails"/>
  <testcase name="CreateInclusiveVendorTypes" time="1.638" classname="com.Vendorly.API.APITests.IncliusiveCreateVendorType"/>
</testsuite> <!-- VendorlyRestAPI -->
