<?xml version="1.0" encoding="UTF-8"?>
<testng-results skipped="0" failed="0" ignored="0" total="1" passed="1">
  <reporter-output>
  </reporter-output>
  <suite name="Default suite" duration-ms="2065" started-at="2018-03-25T13:27:54Z" finished-at="2018-03-25T13:27:56Z">
    <groups>
    </groups>
    <test name="Default test" duration-ms="2065" started-at="2018-03-25T13:27:54Z" finished-at="2018-03-25T13:27:56Z">
      <class name="com.JsonAssertExample.JSONAssertExample">
        <test-method status="PASS" signature="getStudentList()[pri:0, instance:com.JsonAssertExample.JSONAssertExample@28d25987]" name="getStudentList" duration-ms="2026" started-at="2018-03-25T18:57:54Z" finished-at="2018-03-25T18:57:56Z">
          <reporter-output>
          </reporter-output>
        </test-method> <!-- getStudentList -->
      </class> <!-- com.JsonAssertExample.JSONAssertExample -->
    </test> <!-- Default test -->
  </suite> <!-- Default suite -->
</testng-results>
