<?xml version="1.0" encoding="UTF-8"?>
<testng-results skipped="0" failed="0" ignored="0" total="1" passed="1">
  <reporter-output>
  </reporter-output>
  <suite name="Default suite" duration-ms="18027" started-at="2018-06-03T13:47:22Z" finished-at="2018-06-03T13:47:40Z">
    <groups>
    </groups>
    <test name="Default test" duration-ms="18027" started-at="2018-06-03T13:47:22Z" finished-at="2018-06-03T13:47:40Z">
      <class name="Demo.JqueryDateCalendar">
        <test-method status="PASS" signature="fromSelectDate()[pri:0, instance:Demo.JqueryDateCalendar@3532ec19]" name="fromSelectDate" duration-ms="17969" started-at="2018-06-03T13:47:22Z" finished-at="2018-06-03T13:47:40Z">
          <reporter-output>
          </reporter-output>
        </test-method> <!-- fromSelectDate -->
      </class> <!-- Demo.JqueryDateCalendar -->
    </test> <!-- Default test -->
  </suite> <!-- Default suite -->
</testng-results>
