<?xml version="1.0" encoding="UTF-8"?>
<!-- Generated by org.testng.reporters.JUnitXMLReporter -->
<testsuite hostname="PTP-LT-66C6T02" ignored="0" name="Find a Tag elements" tests="3" failures="0" timestamp="31 Jan 2018 13:09:02 GMT" time="48.396" errors="0">
  <testcase name="findATags" time="0.705" classname="SmokeTests.ATagsTest"/>
  <testcase name="verifyCheckOutLink" time="0.1" classname="SmokeTests.ATagsTest"/>
  <testcase name="verifyCheckOutLink" time="0.074" classname="SmokeTests.ValidateCheckOutLink"/>
</testsuite> <!-- Find a Tag elements -->
