<?xml version="1.0" encoding="UTF-8"?>
<!-- Generated by org.testng.reporters.JUnitXMLReporter -->
<testsuite hostname="PTP-LT-66C6T02" ignored="0" name="Default test" tests="9" failures="0" timestamp="28 May 2018 16:46:37 GMT" time="22.279" errors="0">
  <testcase name="softAssertions" time="5.695" classname="com.AssertionsExamples.AssertionsExamples"/>
  <testcase name="validateAssertionsLogically" time="1.377" classname="com.AssertionsExamples.AssertionsExamples"/>
  <testcase name="validateHashMapValueInList" time="1.368" classname="com.AssertionsExamples.AssertionsExamples"/>
  <testcase name="validateMultipleAssertionsinsingleTest" time="1.618" classname="com.AssertionsExamples.AssertionsExamples"/>
  <testcase name="validateNameFromArrayList" time="1.623" classname="com.AssertionsExamples.AssertionsExamples"/>
  <testcase name="validateNamesFromArryList" time="1.708" classname="com.AssertionsExamples.AssertionsExamples"/>
  <testcase name="validateNoOfItems" time="1.769" classname="com.AssertionsExamples.AssertionsExamples"/>
  <testcase name="validateQueryValue" time="4.961" classname="com.AssertionsExamples.AssertionsExamples"/>
  <testcase name="validateValueInsideMap" time="1.549" classname="com.AssertionsExamples.AssertionsExamples"/>
</testsuite> <!-- Default test -->
